
[94m
 ██████╗ ██╗    ██╗ █████╗ ███████╗ █████╗ ██████╗    ██╗ ██████╗ 
██╔═══██╗██║    ██║██╔══██╗██╔════╝██╔══██╗██╔══██╗   ██║██╔═══██╗
██║   ██║██║ █╗ ██║███████║███████╗███████║██████╔╝   ██║██║   ██║
██║▄▄ ██║██║███╗██║██╔══██║╚════██║██╔══██║██╔══██╗   ██║██║   ██║
╚██████╔╝╚███╔███╔╝██║  ██║███████║██║  ██║██║  ██║██╗██║╚██████╔╝
 ╚══▀▀═╝  ╚══╝╚══╝ ╚═╝  ╚═╝╚══════╝╚═╝  ╚═╝╚═╝  ╚═╝╚═╝╚═╝ ╚═════╝ 
																																 [0m
Booting Gandalf v4.1.12-deab022 (production)
Loading parameters:  [32mOK[0m
User mwaura_p connection: [32mOK[0m


<MY_READLINE>
Directory . exists: [32mOK[0m
Pushing exercise: [32mOK[0m
Printing your report:

 [97;1;40m     REPORT      [0m  [97mMY READLINE [0m 

 Status             [92mSUCCESS[0m      
 Execution Runtime  1.137374     
 Score              [[32m=[0m[32m=[0m[32m=[0m[32m=[0m[32m=[0m[32m=[0m] 6/6 


Checks detail Report:

 [97;1;40m MY READLINE TEST #01 SIMPLE  [0m  [92mSUCCESS[0m 
 [97;1;40m  OUTPUT LINE1 LINE 2 LINE3   [0m  [92m       [0m 



 [97;1;40m MY READLINE TEST #02 SIMPLE  [0m  [92mSUCCESS[0m 
 [97;1;40m OUTPUT FULL LINE1 EMPTY LINE [0m  [92m       [0m 
 [97;1;40m FULL LINE2 EMPTY LINE READ 7 [0m  [92m       [0m 



 [97;1;40m MY READLINE TEST #03 SIMPLE  [0m  [92mSUCCESS[0m 
 [97;1;40m OUTPUT FULL LINE1 EMPTY LINE [0m  [92m       [0m 
 [97;1;40mFULL LINE2 EMPTY LINE READ 20 [0m  [92m       [0m 



 [97;1;40m MY READLINE TEST #04 INVALID [0m  [92mSUCCESS[0m 
 [97;1;40m       FILE DESCRIPTOR        [0m  [92m       [0m 



 [97;1;40mMY READLINE TEST #05 READ FROM[0m  [92mSUCCESS[0m 
 [97;1;40m            STDIN             [0m  [92m       [0m 



 [97;1;40mMY READLINE TEST #06 READ BIG [0m  [92mSUCCESS[0m 
 [97;1;40m       FILE BIG BUFFER        [0m  [92m       [0m 


</MY_READLINE>